Using pre-set license
Built from '2020.3/china_unity/release' branch; Version is '2020.3.22f1c1 (9ee66e5289da) revision 10413678'; Using compiler version '192528614'; Build Type 'Release'
OS: 'Windows 10 Pro; OS build 22581.1; Version 2009; 64bit' Language: 'zh' Physical Memory: 32716 MB
BatchMode: 1, IsHumanControllingUs: 0, StartBugReporterOnCrash: 0, Is64bit: 1, IsPro: 0

COMMAND LINE ARGUMENTS:
D:\2020\Code\Unity\2020.3.22f1c1\Editor\Unity.exe
-adb2
-batchMode
-noUpm
-name
AssetImportWorker0
-projectPath
G:/Study/Desktop/Boom游戏开发比赛/MY
-logFile
Logs/AssetImportWorker0.log
-srvPort
13322
Successfully changed project path to: G:/Study/Desktop/Boom游戏开发比赛/MY
G:/Study/Desktop/Boom游戏开发比赛/MY
Using Asset Import Pipeline V2.
AS: AutoStreaming module initializing.Refreshing native plugins compatible for Editor in 44.74 ms, found 3 plugins.
Preloading 0 native plugins for Editor in 0.00 ms.
Initialize engine version: 2020.3.22f1c1 (9ee66e5289da)
[Subsystems] Discovering subsystems at path D:/2020/Code/Unity/2020.3.22f1c1/Editor/Data/Resources/UnitySubsystems
[Subsystems] Discovering subsystems at path G:/Study/Desktop/Boom游戏开发比赛/MY/Assets
GfxDevice: creating device client; threaded=0
Direct3D:
    Version:  Direct3D 11.0 [level 11.1]
    Renderer: NVIDIA GeForce RTX 2070 SUPER (ID=0x1e84)
    Vendor:   
    VRAM:     8003 MB
    Driver:   31.0.15.1566
Initialize mono
Mono path[0] = 'D:/2020/Code/Unity/2020.3.22f1c1/Editor/Data/Managed'
Mono path[1] = 'D:/2020/Code/Unity/2020.3.22f1c1/Editor/Data/MonoBleedingEdge/lib/mono/unityjit'
Mono config path = 'D:/2020/Code/Unity/2020.3.22f1c1/Editor/Data/MonoBleedingEdge/etc'
Using monoOptions --debugger-agent=transport=dt_socket,embedding=1,server=y,suspend=n,address=127.0.0.1:56772
Begin MonoManager ReloadAssembly
Registering precompiled unity dll's ...
Register platform support module: D:/2020/Code/Unity/2020.3.22f1c1/Editor/Data/PlaybackEngines/WindowsStandaloneSupport/UnityEditor.WindowsStandalone.Extensions.dll
Registered in 0.000912 seconds.
Native extension for WindowsStandalone target not found
Refreshing native plugins compatible for Editor in 42.70 ms, found 3 plugins.
Preloading 0 native plugins for Editor in 0.00 ms.
Mono: successfully reloaded assembly
- Completed reload, in  1.350 seconds
Domain Reload Profiling:
	ReloadAssembly (1350ms)
		BeginReloadAssembly (45ms)
			ExecutionOrderSort (0ms)
			DisableScriptedObjects (0ms)
			BackupInstance (0ms)
			ReleaseScriptingObjects (0ms)
			CreateAndSetChildDomain (1ms)
		EndReloadAssembly (413ms)
			LoadAssemblies (44ms)
			RebuildTransferFunctionScriptingTraits (0ms)
			SetupTypeCache (140ms)
			ReleaseScriptCaches (0ms)
			RebuildScriptCaches (27ms)
			SetupLoadedEditorAssemblies (155ms)
				LogAssemblyErrors (0ms)
				InitializePlatformSupportModulesInManaged (3ms)
				SetLoadedEditorAssemblies (0ms)
				RefreshPlugins (43ms)
				BeforeProcessingInitializeOnLoad (12ms)
				ProcessInitializeOnLoadAttributes (72ms)
				ProcessInitializeOnLoadMethodAttributes (25ms)
				AfterProcessingInitializeOnLoad (0ms)
				EditorAssembliesLoaded (0ms)
			ExecutionOrderSort2 (0ms)
			AwakeInstancesAfterBackupRestoration (0ms)
Platform modules already initialized, skipping
Registering precompiled user dll's ...
Registered in 0.003001 seconds.
Begin MonoManager ReloadAssembly
Native extension for WindowsStandalone target not found
Refreshing native plugins compatible for Editor in 48.48 ms, found 3 plugins.
Preloading 0 native plugins for Editor in 0.00 ms.
Mono: successfully reloaded assembly
- Completed reload, in  0.998 seconds
Domain Reload Profiling:
	ReloadAssembly (999ms)
		BeginReloadAssembly (122ms)
			ExecutionOrderSort (0ms)
			DisableScriptedObjects (4ms)
			BackupInstance (0ms)
			ReleaseScriptingObjects (0ms)
			CreateAndSetChildDomain (17ms)
		EndReloadAssembly (827ms)
			LoadAssemblies (73ms)
			RebuildTransferFunctionScriptingTraits (0ms)
			SetupTypeCache (277ms)
			ReleaseScriptCaches (1ms)
			RebuildScriptCaches (47ms)
			SetupLoadedEditorAssemblies (310ms)
				LogAssemblyErrors (0ms)
				InitializePlatformSupportModulesInManaged (3ms)
				SetLoadedEditorAssemblies (0ms)
				RefreshPlugins (49ms)
				BeforeProcessingInitializeOnLoad (70ms)
				ProcessInitializeOnLoadAttributes (173ms)
				ProcessInitializeOnLoadMethodAttributes (14ms)
				AfterProcessingInitializeOnLoad (2ms)
				EditorAssembliesLoaded (0ms)
			ExecutionOrderSort2 (0ms)
			AwakeInstancesAfterBackupRestoration (6ms)
Platform modules already initialized, skipping
========================================================================
Worker process is ready to serve import requests
Launched and connected shader compiler UnityShaderCompiler.exe after 0.08 seconds
Refreshing native plugins compatible for Editor in 0.83 ms, found 3 plugins.
Preloading 0 native plugins for Editor in 0.00 ms.
Unloading 2182 Unused Serialized files (Serialized files now loaded: 0)
System memory in use before: 98.0 MB.
System memory in use after: 98.1 MB.

Unloading 28 unused Assets to reduce memory usage. Loaded Objects now: 2616.
Total: 4.366100 ms (FindLiveObjects: 0.316300 ms CreateObjectMapping: 0.066200 ms MarkObjects: 3.887200 ms  DeleteObjects: 0.094700 ms)

AssetImportParameters requested are different than current active one (requested -> active):
  custom:framework-win-MediaFoundation: 216162199b28c13a410421893ffa2e32 -> 
  custom:video-decoder-ogg-theora: a1e56fd34408186e4bbccfd4996cb3dc -> 
  custom:container-muxer-webm: aa71ff27fc2769a1b78a27578f13a17b -> 
  custom:container-demuxer-webm: 4f35f7cbe854078d1ac9338744f61a02 -> 
  custom:container-demuxer-ogg: 62fdf1f143b41e24485cea50d1cbac27 -> 
  custom:video-encoder-webm-vp8: eb34c28f22e8b96e1ab97ce403110664 -> 
  custom:video-codec-MediaFoundation-h265: 746d11721c4dcdbdad8f713fa42b33f4 -> 
  custom:video-decoder-webm-vp8: 9c59270c3fd7afecdb556c50c9e8de78 -> 
  custom:audio-decoder-ogg-vorbis: bf7c407c2cedff20999df2af8eb42d56 -> 
  custom:audio-encoder-webm-vorbis: bf7c407c2cedff20999df2af8eb42d56 -> 
========================================================================
Received Import Request.
  path: Assets/Sprites/Pike/Run.png
  artifactKey: Guid(dde450727ff99df4696730fa6d0f64a6) Importer(815301076,1909f56bfc062723c751e8b465ee728b)
Start importing Assets/Sprites/Pike/Run.png using Guid(dde450727ff99df4696730fa6d0f64a6) Importer(815301076,1909f56bfc062723c751e8b465ee728b)  -> (artifact id: '880fbbe481ea4fc5062c37897603e3c9') in 0.058410 seconds 
  Import took 0.062174 seconds .

========================================================================
Received Import Request.
  Time since last request: 0.000161 seconds.
  path: Assets/Sprites/Pike/Take hit.png
  artifactKey: Guid(61e36ff27e5439e45b4cd0d3fa34e3bc) Importer(815301076,1909f56bfc062723c751e8b465ee728b)
Start importing Assets/Sprites/Pike/Take hit.png using Guid(61e36ff27e5439e45b4cd0d3fa34e3bc) Importer(815301076,1909f56bfc062723c751e8b465ee728b)  -> (artifact id: 'b93dae3d5b9f9fdbe78cbb55946400d2') in 0.009020 seconds 
  Import took 0.012108 seconds .

========================================================================
Received Import Request.
  Time since last request: 0.000185 seconds.
  path: Assets/Sprites/Pike/Attack1.png
  artifactKey: Guid(79a2f219374a6ba488248624d312cf79) Importer(815301076,1909f56bfc062723c751e8b465ee728b)
Start importing Assets/Sprites/Pike/Attack1.png using Guid(79a2f219374a6ba488248624d312cf79) Importer(815301076,1909f56bfc062723c751e8b465ee728b)  -> (artifact id: '2b1cb85e73985f2d3f896b98fc4c79d7') in 0.006837 seconds 
  Import took 0.023266 seconds .

========================================================================
Received Import Request.
  Time since last request: 0.000157 seconds.
  path: Assets/Sprites/Pike/Spear move.png
  artifactKey: Guid(039c7a0ce90274b48892d8ceb10ee13b) Importer(815301076,1909f56bfc062723c751e8b465ee728b)
Start importing Assets/Sprites/Pike/Spear move.png using Guid(039c7a0ce90274b48892d8ceb10ee13b) Importer(815301076,1909f56bfc062723c751e8b465ee728b)  -> (artifact id: '62fe4bb6f15a162a03babe4cd60fd506') in 0.010298 seconds 
  Import took 0.013598 seconds .

========================================================================
Received Import Request.
  Time since last request: 0.000166 seconds.
  path: Assets/Sprites/Pike/Fall.png
  artifactKey: Guid(8ee5deea28178db449e28f425833363d) Importer(815301076,1909f56bfc062723c751e8b465ee728b)
Start importing Assets/Sprites/Pike/Fall.png using Guid(8ee5deea28178db449e28f425833363d) Importer(815301076,1909f56bfc062723c751e8b465ee728b)  -> (artifact id: '4830053414b04479fb73beb6a700e7fe') in 0.009569 seconds 
  Import took 0.013128 seconds .

========================================================================
Received Import Request.
  Time since last request: 0.000182 seconds.
  path: Assets/Sprites/Pike/Attack2.png
  artifactKey: Guid(1190d626ed0652b48b1384d407a98eea) Importer(815301076,1909f56bfc062723c751e8b465ee728b)
Start importing Assets/Sprites/Pike/Attack2.png using Guid(1190d626ed0652b48b1384d407a98eea) Importer(815301076,1909f56bfc062723c751e8b465ee728b)  -> (artifact id: 'f875c400be0248aaab79ee7a7fe0fb49') in 0.006415 seconds 
  Import took 0.009708 seconds .

========================================================================
Received Import Request.
  Time since last request: 0.000310 seconds.
  path: Assets/Sprites/Pike/Death.png
  artifactKey: Guid(1f11bfe40377f0543a145c1fb0efaaff) Importer(815301076,1909f56bfc062723c751e8b465ee728b)
Start importing Assets/Sprites/Pike/Death.png using Guid(1f11bfe40377f0543a145c1fb0efaaff) Importer(815301076,1909f56bfc062723c751e8b465ee728b)  -> (artifact id: '7f332836c86596a70892a79eaeb18c67') in 0.009343 seconds 
  Import took 0.012791 seconds .

========================================================================
Received Import Request.
  Time since last request: 0.000178 seconds.
  path: Assets/Sprites/Pike/Jump.png
  artifactKey: Guid(2e2f9c36cc3f35841896b93dc679145f) Importer(815301076,1909f56bfc062723c751e8b465ee728b)
Start importing Assets/Sprites/Pike/Jump.png using Guid(2e2f9c36cc3f35841896b93dc679145f) Importer(815301076,1909f56bfc062723c751e8b465ee728b)  -> (artifact id: '22a70301024e8bd5809c27f86ada65dc') in 0.009874 seconds 
  Import took 0.013311 seconds .

========================================================================
Received Import Request.
  Time since last request: 0.000190 seconds.
  path: Assets/Sprites/Pike/Attack3.png
  artifactKey: Guid(dda9cced0ad40ed46b9053f3930181f5) Importer(815301076,1909f56bfc062723c751e8b465ee728b)
Start importing Assets/Sprites/Pike/Attack3.png using Guid(dda9cced0ad40ed46b9053f3930181f5) Importer(815301076,1909f56bfc062723c751e8b465ee728b)  -> (artifact id: 'bf2b682c7050c50c96c53291915eeaa1') in 0.010291 seconds 
  Import took 0.013367 seconds .

========================================================================
Received Import Request.
  Time since last request: 0.000160 seconds.
  path: Assets/Sprites/Pike/Spear.png
  artifactKey: Guid(53291cf210e6f6a4aba1bdea50411772) Importer(815301076,1909f56bfc062723c751e8b465ee728b)
Start importing Assets/Sprites/Pike/Spear.png using Guid(53291cf210e6f6a4aba1bdea50411772) Importer(815301076,1909f56bfc062723c751e8b465ee728b)  -> (artifact id: '677cd6de73739a9e3c88799333886787') in 0.012481 seconds 
  Import took 0.015954 seconds .

========================================================================
Received Import Request.
  Time since last request: 12.605529 seconds.
  path: Assets/Sprites/Pike/Run.png
  artifactKey: Guid(dde450727ff99df4696730fa6d0f64a6) Importer(815301076,1909f56bfc062723c751e8b465ee728b)
Start importing Assets/Sprites/Pike/Run.png using Guid(dde450727ff99df4696730fa6d0f64a6) Importer(815301076,1909f56bfc062723c751e8b465ee728b)  -> (artifact id: '45688e2e654bc01e189fef773d9a9d8f') in 0.060329 seconds 
  Import took 0.068967 seconds .

========================================================================
Received Prepare
Registering precompiled user dll's ...
Registered in 0.002829 seconds.
Begin MonoManager ReloadAssembly
Native extension for WindowsStandalone target not found
Refreshing native plugins compatible for Editor in 0.54 ms, found 3 plugins.
Preloading 0 native plugins for Editor in 0.00 ms.
Mono: successfully reloaded assembly
- Completed reload, in  0.934 seconds
Domain Reload Profiling:
	ReloadAssembly (935ms)
		BeginReloadAssembly (95ms)
			ExecutionOrderSort (0ms)
			DisableScriptedObjects (6ms)
			BackupInstance (0ms)
			ReleaseScriptingObjects (0ms)
			CreateAndSetChildDomain (32ms)
		EndReloadAssembly (788ms)
			LoadAssemblies (71ms)
			RebuildTransferFunctionScriptingTraits (0ms)
			SetupTypeCache (280ms)
			ReleaseScriptCaches (1ms)
			RebuildScriptCaches (53ms)
			SetupLoadedEditorAssemblies (279ms)
				LogAssemblyErrors (0ms)
				InitializePlatformSupportModulesInManaged (4ms)
				SetLoadedEditorAssemblies (0ms)
				RefreshPlugins (1ms)
				BeforeProcessingInitializeOnLoad (91ms)
				ProcessInitializeOnLoadAttributes (171ms)
				ProcessInitializeOnLoadMethodAttributes (10ms)
				AfterProcessingInitializeOnLoad (2ms)
				EditorAssembliesLoaded (0ms)
			ExecutionOrderSort2 (0ms)
			AwakeInstancesAfterBackupRestoration (7ms)
Platform modules already initialized, skipping
Refreshing native plugins compatible for Editor in 0.54 ms, found 3 plugins.
Preloading 0 native plugins for Editor in 0.00 ms.
Unloading 2171 Unused Serialized files (Serialized files now loaded: 0)
System memory in use before: 100.3 MB.
System memory in use after: 100.4 MB.

Unloading 17 unused Assets to reduce memory usage. Loaded Objects now: 2639.
Total: 3.008900 ms (FindLiveObjects: 0.224300 ms CreateObjectMapping: 0.051800 ms MarkObjects: 2.711600 ms  DeleteObjects: 0.019800 ms)

AssetImportParameters requested are different than current active one (requested -> active):
  custom:framework-win-MediaFoundation: 216162199b28c13a410421893ffa2e32 -> 
  custom:video-decoder-ogg-theora: a1e56fd34408186e4bbccfd4996cb3dc -> 
  custom:container-muxer-webm: aa71ff27fc2769a1b78a27578f13a17b -> 
  custom:container-demuxer-webm: 4f35f7cbe854078d1ac9338744f61a02 -> 
  custom:container-demuxer-ogg: 62fdf1f143b41e24485cea50d1cbac27 -> 
  custom:video-encoder-webm-vp8: eb34c28f22e8b96e1ab97ce403110664 -> 
  custom:video-codec-MediaFoundation-h265: 746d11721c4dcdbdad8f713fa42b33f4 -> 
  custom:video-decoder-webm-vp8: 9c59270c3fd7afecdb556c50c9e8de78 -> 
  custom:audio-decoder-ogg-vorbis: bf7c407c2cedff20999df2af8eb42d56 -> 
  custom:audio-encoder-webm-vorbis: bf7c407c2cedff20999df2af8eb42d56 -> 
========================================================================
Received Prepare
Registering precompiled user dll's ...
Registered in 0.003092 seconds.
Begin MonoManager ReloadAssembly
Native extension for WindowsStandalone target not found
Refreshing native plugins compatible for Editor in 0.97 ms, found 3 plugins.
Preloading 0 native plugins for Editor in 0.00 ms.
Mono: successfully reloaded assembly
- Completed reload, in  0.882 seconds
Domain Reload Profiling:
	ReloadAssembly (882ms)
		BeginReloadAssembly (105ms)
			ExecutionOrderSort (0ms)
			DisableScriptedObjects (7ms)
			BackupInstance (0ms)
			ReleaseScriptingObjects (0ms)
			CreateAndSetChildDomain (35ms)
		EndReloadAssembly (724ms)
			LoadAssemblies (73ms)
			RebuildTransferFunctionScriptingTraits (0ms)
			SetupTypeCache (265ms)
			ReleaseScriptCaches (1ms)
			RebuildScriptCaches (42ms)
			SetupLoadedEditorAssemblies (251ms)
				LogAssemblyErrors (0ms)
				InitializePlatformSupportModulesInManaged (4ms)
				SetLoadedEditorAssemblies (0ms)
				RefreshPlugins (1ms)
				BeforeProcessingInitializeOnLoad (78ms)
				ProcessInitializeOnLoadAttributes (157ms)
				ProcessInitializeOnLoadMethodAttributes (9ms)
				AfterProcessingInitializeOnLoad (2ms)
				EditorAssembliesLoaded (0ms)
			ExecutionOrderSort2 (0ms)
			AwakeInstancesAfterBackupRestoration (7ms)
Platform modules already initialized, skipping
Refreshing native plugins compatible for Editor in 0.54 ms, found 3 plugins.
Preloading 0 native plugins for Editor in 0.00 ms.
Unloading 2171 Unused Serialized files (Serialized files now loaded: 0)
System memory in use before: 100.3 MB.
System memory in use after: 100.5 MB.

Unloading 17 unused Assets to reduce memory usage. Loaded Objects now: 2641.
Total: 3.565200 ms (FindLiveObjects: 0.285200 ms CreateObjectMapping: 0.055200 ms MarkObjects: 3.200700 ms  DeleteObjects: 0.022900 ms)

AssetImportParameters requested are different than current active one (requested -> active):
  custom:framework-win-MediaFoundation: 216162199b28c13a410421893ffa2e32 -> 
  custom:video-decoder-ogg-theora: a1e56fd34408186e4bbccfd4996cb3dc -> 
  custom:container-muxer-webm: aa71ff27fc2769a1b78a27578f13a17b -> 
  custom:container-demuxer-webm: 4f35f7cbe854078d1ac9338744f61a02 -> 
  custom:container-demuxer-ogg: 62fdf1f143b41e24485cea50d1cbac27 -> 
  custom:video-encoder-webm-vp8: eb34c28f22e8b96e1ab97ce403110664 -> 
  custom:video-codec-MediaFoundation-h265: 746d11721c4dcdbdad8f713fa42b33f4 -> 
  custom:video-decoder-webm-vp8: 9c59270c3fd7afecdb556c50c9e8de78 -> 
  custom:audio-decoder-ogg-vorbis: bf7c407c2cedff20999df2af8eb42d56 -> 
  custom:audio-encoder-webm-vorbis: bf7c407c2cedff20999df2af8eb42d56 -> 
========================================================================
Received Import Request.
  Time since last request: 2053.493300 seconds.
  path: Assets/Sprites/Pike/Idle.png
  artifactKey: Guid(0618d1b90afbd1844a5bb20620cf8fe3) Importer(815301076,1909f56bfc062723c751e8b465ee728b)
Start importing Assets/Sprites/Pike/Idle.png using Guid(0618d1b90afbd1844a5bb20620cf8fe3) Importer(815301076,1909f56bfc062723c751e8b465ee728b)  -> (artifact id: '65623cee26398aa39d5ca97f1202101e') in 0.063857 seconds 
  Import took 0.077618 seconds .

========================================================================
Received Import Request.
  Time since last request: 59.219448 seconds.
  path: Assets/Sprites/Pike/Idle.png
  artifactKey: Guid(0618d1b90afbd1844a5bb20620cf8fe3) Importer(815301076,1909f56bfc062723c751e8b465ee728b)
Start importing Assets/Sprites/Pike/Idle.png using Guid(0618d1b90afbd1844a5bb20620cf8fe3) Importer(815301076,1909f56bfc062723c751e8b465ee728b)  -> (artifact id: '0151d608075dd8cb19b8efbdf1033ce0') in 0.037148 seconds 
  Import took 0.053030 seconds .

========================================================================
Received Prepare
Registering precompiled user dll's ...
Registered in 0.002788 seconds.
Begin MonoManager ReloadAssembly
Native extension for WindowsStandalone target not found
Refreshing native plugins compatible for Editor in 0.55 ms, found 3 plugins.
Preloading 0 native plugins for Editor in 0.00 ms.
Mono: successfully reloaded assembly
- Completed reload, in  0.916 seconds
Domain Reload Profiling:
	ReloadAssembly (917ms)
		BeginReloadAssembly (106ms)
			ExecutionOrderSort (0ms)
			DisableScriptedObjects (5ms)
			BackupInstance (0ms)
			ReleaseScriptingObjects (0ms)
			CreateAndSetChildDomain (32ms)
		EndReloadAssembly (754ms)
			LoadAssemblies (71ms)
			RebuildTransferFunctionScriptingTraits (0ms)
			SetupTypeCache (263ms)
			ReleaseScriptCaches (1ms)
			RebuildScriptCaches (48ms)
			SetupLoadedEditorAssemblies (274ms)
				LogAssemblyErrors (0ms)
				InitializePlatformSupportModulesInManaged (6ms)
				SetLoadedEditorAssemblies (0ms)
				RefreshPlugins (1ms)
				BeforeProcessingInitializeOnLoad (83ms)
				ProcessInitializeOnLoadAttributes (173ms)
				ProcessInitializeOnLoadMethodAttributes (9ms)
				AfterProcessingInitializeOnLoad (2ms)
				EditorAssembliesLoaded (0ms)
			ExecutionOrderSort2 (0ms)
			AwakeInstancesAfterBackupRestoration (7ms)
Platform modules already initialized, skipping
Refreshing native plugins compatible for Editor in 0.63 ms, found 3 plugins.
Preloading 0 native plugins for Editor in 0.00 ms.
Unloading 2171 Unused Serialized files (Serialized files now loaded: 0)
System memory in use before: 100.4 MB.
System memory in use after: 100.5 MB.

Unloading 17 unused Assets to reduce memory usage. Loaded Objects now: 2652.
Total: 4.890200 ms (FindLiveObjects: 0.344400 ms CreateObjectMapping: 0.098000 ms MarkObjects: 4.418500 ms  DeleteObjects: 0.027400 ms)

AssetImportParameters requested are different than current active one (requested -> active):
  custom:framework-win-MediaFoundation: 216162199b28c13a410421893ffa2e32 -> 
  custom:video-decoder-ogg-theora: a1e56fd34408186e4bbccfd4996cb3dc -> 
  custom:container-muxer-webm: aa71ff27fc2769a1b78a27578f13a17b -> 
  custom:container-demuxer-webm: 4f35f7cbe854078d1ac9338744f61a02 -> 
  custom:container-demuxer-ogg: 62fdf1f143b41e24485cea50d1cbac27 -> 
  custom:video-encoder-webm-vp8: eb34c28f22e8b96e1ab97ce403110664 -> 
  custom:video-codec-MediaFoundation-h265: 746d11721c4dcdbdad8f713fa42b33f4 -> 
  custom:video-decoder-webm-vp8: 9c59270c3fd7afecdb556c50c9e8de78 -> 
  custom:audio-decoder-ogg-vorbis: bf7c407c2cedff20999df2af8eb42d56 -> 
  custom:audio-encoder-webm-vorbis: bf7c407c2cedff20999df2af8eb42d56 -> 
========================================================================
Received Prepare
Registering precompiled user dll's ...
Registered in 0.003856 seconds.
Begin MonoManager ReloadAssembly
Native extension for WindowsStandalone target not found
Refreshing native plugins compatible for Editor in 0.73 ms, found 3 plugins.
Preloading 0 native plugins for Editor in 0.00 ms.
Mono: successfully reloaded assembly
- Completed reload, in  0.922 seconds
Domain Reload Profiling:
	ReloadAssembly (922ms)
		BeginReloadAssembly (101ms)
			ExecutionOrderSort (0ms)
			DisableScriptedObjects (5ms)
			BackupInstance (0ms)
			ReleaseScriptingObjects (0ms)
			CreateAndSetChildDomain (37ms)
		EndReloadAssembly (761ms)
			LoadAssemblies (80ms)
			RebuildTransferFunctionScriptingTraits (0ms)
			SetupTypeCache (277ms)
			ReleaseScriptCaches (1ms)
			RebuildScriptCaches (40ms)
			SetupLoadedEditorAssemblies (275ms)
				LogAssemblyErrors (0ms)
				InitializePlatformSupportModulesInManaged (4ms)
				SetLoadedEditorAssemblies (1ms)
				RefreshPlugins (1ms)
				BeforeProcessingInitializeOnLoad (83ms)
				ProcessInitializeOnLoadAttributes (174ms)
				ProcessInitializeOnLoadMethodAttributes (10ms)
				AfterProcessingInitializeOnLoad (2ms)
				EditorAssembliesLoaded (0ms)
			ExecutionOrderSort2 (0ms)
			AwakeInstancesAfterBackupRestoration (9ms)
Platform modules already initialized, skipping
Refreshing native plugins compatible for Editor in 0.54 ms, found 3 plugins.
Preloading 0 native plugins for Editor in 0.00 ms.
Unloading 2171 Unused Serialized files (Serialized files now loaded: 0)
System memory in use before: 100.4 MB.
System memory in use after: 100.5 MB.

Unloading 17 unused Assets to reduce memory usage. Loaded Objects now: 2654.
Total: 4.068400 ms (FindLiveObjects: 0.297200 ms CreateObjectMapping: 0.080900 ms MarkObjects: 3.662900 ms  DeleteObjects: 0.025300 ms)

AssetImportParameters requested are different than current active one (requested -> active):
  custom:framework-win-MediaFoundation: 216162199b28c13a410421893ffa2e32 -> 
  custom:video-decoder-ogg-theora: a1e56fd34408186e4bbccfd4996cb3dc -> 
  custom:container-muxer-webm: aa71ff27fc2769a1b78a27578f13a17b -> 
  custom:container-demuxer-webm: 4f35f7cbe854078d1ac9338744f61a02 -> 
  custom:container-demuxer-ogg: 62fdf1f143b41e24485cea50d1cbac27 -> 
  custom:video-encoder-webm-vp8: eb34c28f22e8b96e1ab97ce403110664 -> 
  custom:video-codec-MediaFoundation-h265: 746d11721c4dcdbdad8f713fa42b33f4 -> 
  custom:video-decoder-webm-vp8: 9c59270c3fd7afecdb556c50c9e8de78 -> 
  custom:audio-decoder-ogg-vorbis: bf7c407c2cedff20999df2af8eb42d56 -> 
  custom:audio-encoder-webm-vorbis: bf7c407c2cedff20999df2af8eb42d56 -> 
========================================================================
Received Import Request.
  Time since last request: 53.772848 seconds.
  path: Assets/Sprites/Pike/Idle.png
  artifactKey: Guid(0618d1b90afbd1844a5bb20620cf8fe3) Importer(815301076,1909f56bfc062723c751e8b465ee728b)
Start importing Assets/Sprites/Pike/Idle.png using Guid(0618d1b90afbd1844a5bb20620cf8fe3) Importer(815301076,1909f56bfc062723c751e8b465ee728b)  -> (artifact id: '6a40066265b3c5fdd73868a503a74af4') in 0.064075 seconds 
  Import took 0.068437 seconds .

========================================================================
Received Prepare
Registering precompiled user dll's ...
Registered in 0.002788 seconds.
Begin MonoManager ReloadAssembly
Native extension for WindowsStandalone target not found
Refreshing native plugins compatible for Editor in 0.55 ms, found 3 plugins.
Preloading 0 native plugins for Editor in 0.00 ms.
Mono: successfully reloaded assembly
- Completed reload, in  0.947 seconds
Domain Reload Profiling:
	ReloadAssembly (948ms)
		BeginReloadAssembly (98ms)
			ExecutionOrderSort (0ms)
			DisableScriptedObjects (6ms)
			BackupInstance (0ms)
			ReleaseScriptingObjects (0ms)
			CreateAndSetChildDomain (36ms)
		EndReloadAssembly (797ms)
			LoadAssemblies (75ms)
			RebuildTransferFunctionScriptingTraits (0ms)
			SetupTypeCache (274ms)
			ReleaseScriptCaches (1ms)
			RebuildScriptCaches (41ms)
			SetupLoadedEditorAssemblies (298ms)
				LogAssemblyErrors (0ms)
				InitializePlatformSupportModulesInManaged (4ms)
				SetLoadedEditorAssemblies (0ms)
				RefreshPlugins (1ms)
				BeforeProcessingInitializeOnLoad (88ms)
				ProcessInitializeOnLoadAttributes (190ms)
				ProcessInitializeOnLoadMethodAttributes (12ms)
				AfterProcessingInitializeOnLoad (2ms)
				EditorAssembliesLoaded (0ms)
			ExecutionOrderSort2 (0ms)
			AwakeInstancesAfterBackupRestoration (9ms)
Platform modules already initialized, skipping
Refreshing native plugins compatible for Editor in 0.56 ms, found 3 plugins.
Preloading 0 native plugins for Editor in 0.00 ms.
Unloading 2171 Unused Serialized files (Serialized files now loaded: 0)
System memory in use before: 100.4 MB.
System memory in use after: 100.5 MB.

Unloading 17 unused Assets to reduce memory usage. Loaded Objects now: 2657.
Total: 3.696800 ms (FindLiveObjects: 0.280900 ms CreateObjectMapping: 0.059400 ms MarkObjects: 3.330100 ms  DeleteObjects: 0.024600 ms)

AssetImportParameters requested are different than current active one (requested -> active):
  custom:framework-win-MediaFoundation: 216162199b28c13a410421893ffa2e32 -> 
  custom:video-decoder-ogg-theora: a1e56fd34408186e4bbccfd4996cb3dc -> 
  custom:container-muxer-webm: aa71ff27fc2769a1b78a27578f13a17b -> 
  custom:container-demuxer-webm: 4f35f7cbe854078d1ac9338744f61a02 -> 
  custom:container-demuxer-ogg: 62fdf1f143b41e24485cea50d1cbac27 -> 
  custom:video-encoder-webm-vp8: eb34c28f22e8b96e1ab97ce403110664 -> 
  custom:video-codec-MediaFoundation-h265: 746d11721c4dcdbdad8f713fa42b33f4 -> 
  custom:video-decoder-webm-vp8: 9c59270c3fd7afecdb556c50c9e8de78 -> 
  custom:audio-decoder-ogg-vorbis: bf7c407c2cedff20999df2af8eb42d56 -> 
  custom:audio-encoder-webm-vorbis: bf7c407c2cedff20999df2af8eb42d56 -> 
========================================================================
Received Import Request.
  Time since last request: 99.058671 seconds.
  path: Assets/Sprites/Pike/Idle.png
  artifactKey: Guid(0618d1b90afbd1844a5bb20620cf8fe3) Importer(815301076,1909f56bfc062723c751e8b465ee728b)
Start importing Assets/Sprites/Pike/Idle.png using Guid(0618d1b90afbd1844a5bb20620cf8fe3) Importer(815301076,1909f56bfc062723c751e8b465ee728b)  -> (artifact id: '793840ed35950159bd79fa3167d7b203') in 0.073660 seconds 
  Import took 0.088207 seconds .

========================================================================
Received Import Request.
  Time since last request: 60.147109 seconds.
  path: Assets/Sprites/Pike/Run.png
  artifactKey: Guid(dde450727ff99df4696730fa6d0f64a6) Importer(815301076,1909f56bfc062723c751e8b465ee728b)
Start importing Assets/Sprites/Pike/Run.png using Guid(dde450727ff99df4696730fa6d0f64a6) Importer(815301076,1909f56bfc062723c751e8b465ee728b)  -> (artifact id: '479e186ff010753e2b75d3f31bd53d8d') in 0.071550 seconds 
  Import took 0.075372 seconds .

========================================================================
Received Import Request.
  Time since last request: 24.985117 seconds.
  path: Assets/Sprites/Pike/Attack1.png
  artifactKey: Guid(79a2f219374a6ba488248624d312cf79) Importer(815301076,1909f56bfc062723c751e8b465ee728b)
Start importing Assets/Sprites/Pike/Attack1.png using Guid(79a2f219374a6ba488248624d312cf79) Importer(815301076,1909f56bfc062723c751e8b465ee728b)  -> (artifact id: 'c07699f8b0532c60c2cc455ecc48c478') in 0.027536 seconds 
  Import took 0.031683 seconds .

========================================================================
Received Import Request.
  Time since last request: 81.480305 seconds.
  path: Assets/Sprites/Pike/Attack1.png
  artifactKey: Guid(79a2f219374a6ba488248624d312cf79) Importer(815301076,1909f56bfc062723c751e8b465ee728b)
Start importing Assets/Sprites/Pike/Attack1.png using Guid(79a2f219374a6ba488248624d312cf79) Importer(815301076,1909f56bfc062723c751e8b465ee728b)  -> (artifact id: 'ff5d5bd69d099aadd96c1bde8719e854') in 0.033445 seconds 
  Import took 0.050078 seconds .

========================================================================
Received Import Request.
  Time since last request: 20.081804 seconds.
  path: Assets/Sprites/Pike/Attack1.png
  artifactKey: Guid(79a2f219374a6ba488248624d312cf79) Importer(815301076,1909f56bfc062723c751e8b465ee728b)
Start importing Assets/Sprites/Pike/Attack1.png using Guid(79a2f219374a6ba488248624d312cf79) Importer(815301076,1909f56bfc062723c751e8b465ee728b)  -> (artifact id: '3c2fcbc32908b7016e3e658f1c1284ac') in 0.035953 seconds 
  Import took 0.056091 seconds .

========================================================================
Received Import Request.
  Time since last request: 21.779099 seconds.
  path: Assets/Sprites/Pike/Attack1.png
  artifactKey: Guid(79a2f219374a6ba488248624d312cf79) Importer(815301076,1909f56bfc062723c751e8b465ee728b)
Start importing Assets/Sprites/Pike/Attack1.png using Guid(79a2f219374a6ba488248624d312cf79) Importer(815301076,1909f56bfc062723c751e8b465ee728b)  -> (artifact id: '598e00228f816f4d780c853e1a5814a3') in 0.018527 seconds 
  Import took 0.042899 seconds .

========================================================================
Received Prepare
Registering precompiled user dll's ...
Registered in 0.002681 seconds.
Begin MonoManager ReloadAssembly
Native extension for WindowsStandalone target not found
Refreshing native plugins compatible for Editor in 0.57 ms, found 3 plugins.
Preloading 0 native plugins for Editor in 0.00 ms.
Mono: successfully reloaded assembly
- Completed reload, in  0.873 seconds
Domain Reload Profiling:
	ReloadAssembly (874ms)
		BeginReloadAssembly (100ms)
			ExecutionOrderSort (0ms)
			DisableScriptedObjects (5ms)
			BackupInstance (0ms)
			ReleaseScriptingObjects (0ms)
			CreateAndSetChildDomain (31ms)
		EndReloadAssembly (724ms)
			LoadAssemblies (71ms)
			RebuildTransferFunctionScriptingTraits (0ms)
			SetupTypeCache (254ms)
			ReleaseScriptCaches (1ms)
			RebuildScriptCaches (38ms)
			SetupLoadedEditorAssemblies (268ms)
				LogAssemblyErrors (0ms)
				InitializePlatformSupportModulesInManaged (4ms)
				SetLoadedEditorAssemblies (0ms)
				RefreshPlugins (1ms)
				BeforeProcessingInitializeOnLoad (84ms)
				ProcessInitializeOnLoadAttributes (167ms)
				ProcessInitializeOnLoadMethodAttributes (10ms)
				AfterProcessingInitializeOnLoad (2ms)
				EditorAssembliesLoaded (0ms)
			ExecutionOrderSort2 (0ms)
			AwakeInstancesAfterBackupRestoration (9ms)
Platform modules already initialized, skipping
Refreshing native plugins compatible for Editor in 0.56 ms, found 3 plugins.
Preloading 0 native plugins for Editor in 0.00 ms.
Unloading 2171 Unused Serialized files (Serialized files now loaded: 0)
System memory in use before: 100.4 MB.
System memory in use after: 100.6 MB.

Unloading 17 unused Assets to reduce memory usage. Loaded Objects now: 2676.
Total: 3.372300 ms (FindLiveObjects: 0.251900 ms CreateObjectMapping: 0.057900 ms MarkObjects: 3.039300 ms  DeleteObjects: 0.021900 ms)

AssetImportParameters requested are different than current active one (requested -> active):
  custom:framework-win-MediaFoundation: 216162199b28c13a410421893ffa2e32 -> 
  custom:video-decoder-ogg-theora: a1e56fd34408186e4bbccfd4996cb3dc -> 
  custom:container-muxer-webm: aa71ff27fc2769a1b78a27578f13a17b -> 
  custom:container-demuxer-webm: 4f35f7cbe854078d1ac9338744f61a02 -> 
  custom:container-demuxer-ogg: 62fdf1f143b41e24485cea50d1cbac27 -> 
  custom:video-encoder-webm-vp8: eb34c28f22e8b96e1ab97ce403110664 -> 
  custom:video-codec-MediaFoundation-h265: 746d11721c4dcdbdad8f713fa42b33f4 -> 
  custom:video-decoder-webm-vp8: 9c59270c3fd7afecdb556c50c9e8de78 -> 
  custom:audio-decoder-ogg-vorbis: bf7c407c2cedff20999df2af8eb42d56 -> 
  custom:audio-encoder-webm-vorbis: bf7c407c2cedff20999df2af8eb42d56 -> 
========================================================================
Received Import Request.
  Time since last request: 83.446876 seconds.
  path: Assets/Sprites/Pike/Idle.png
  artifactKey: Guid(0618d1b90afbd1844a5bb20620cf8fe3) Importer(815301076,1909f56bfc062723c751e8b465ee728b)
Start importing Assets/Sprites/Pike/Idle.png using Guid(0618d1b90afbd1844a5bb20620cf8fe3) Importer(815301076,1909f56bfc062723c751e8b465ee728b)  -> (artifact id: 'fc4a3644b12d04a3bd653aaf75e4a014') in 0.062679 seconds 
  Import took 0.080218 seconds .

========================================================================
Received Import Request.
  Time since last request: 20.530681 seconds.
  path: Assets/Sprites/Pike/Run.png
  artifactKey: Guid(dde450727ff99df4696730fa6d0f64a6) Importer(815301076,1909f56bfc062723c751e8b465ee728b)
Start importing Assets/Sprites/Pike/Run.png using Guid(dde450727ff99df4696730fa6d0f64a6) Importer(815301076,1909f56bfc062723c751e8b465ee728b)  -> (artifact id: 'be75fd477de7f7ea1ba9fb207b7bc48f') in 0.055580 seconds 
  Import took 0.076013 seconds .

========================================================================
Received Prepare
Registering precompiled user dll's ...
Registered in 0.004128 seconds.
Begin MonoManager ReloadAssembly
Native extension for WindowsStandalone target not found
Refreshing native plugins compatible for Editor in 0.53 ms, found 3 plugins.
Preloading 0 native plugins for Editor in 0.00 ms.
Mono: successfully reloaded assembly
- Completed reload, in  0.941 seconds
Domain Reload Profiling:
	ReloadAssembly (942ms)
		BeginReloadAssembly (107ms)
			ExecutionOrderSort (0ms)
			DisableScriptedObjects (5ms)
			BackupInstance (0ms)
			ReleaseScriptingObjects (0ms)
			CreateAndSetChildDomain (34ms)
		EndReloadAssembly (782ms)
			LoadAssemblies (76ms)
			RebuildTransferFunctionScriptingTraits (0ms)
			SetupTypeCache (288ms)
			ReleaseScriptCaches (1ms)
			RebuildScriptCaches (46ms)
			SetupLoadedEditorAssemblies (272ms)
				LogAssemblyErrors (0ms)
				InitializePlatformSupportModulesInManaged (4ms)
				SetLoadedEditorAssemblies (0ms)
				RefreshPlugins (1ms)
				BeforeProcessingInitializeOnLoad (80ms)
				ProcessInitializeOnLoadAttributes (173ms)
				ProcessInitializeOnLoadMethodAttributes (12ms)
				AfterProcessingInitializeOnLoad (2ms)
				EditorAssembliesLoaded (0ms)
			ExecutionOrderSort2 (0ms)
			AwakeInstancesAfterBackupRestoration (7ms)
Platform modules already initialized, skipping
Refreshing native plugins compatible for Editor in 0.52 ms, found 3 plugins.
Preloading 0 native plugins for Editor in 0.00 ms.
Unloading 2171 Unused Serialized files (Serialized files now loaded: 0)
System memory in use before: 100.5 MB.
System memory in use after: 100.6 MB.

Unloading 17 unused Assets to reduce memory usage. Loaded Objects now: 2679.
Total: 3.936600 ms (FindLiveObjects: 0.220100 ms CreateObjectMapping: 0.054900 ms MarkObjects: 3.637700 ms  DeleteObjects: 0.022500 ms)

AssetImportParameters requested are different than current active one (requested -> active):
  custom:framework-win-MediaFoundation: 216162199b28c13a410421893ffa2e32 -> 
  custom:video-decoder-ogg-theora: a1e56fd34408186e4bbccfd4996cb3dc -> 
  custom:container-muxer-webm: aa71ff27fc2769a1b78a27578f13a17b -> 
  custom:container-demuxer-webm: 4f35f7cbe854078d1ac9338744f61a02 -> 
  custom:container-demuxer-ogg: 62fdf1f143b41e24485cea50d1cbac27 -> 
  custom:video-encoder-webm-vp8: eb34c28f22e8b96e1ab97ce403110664 -> 
  custom:video-codec-MediaFoundation-h265: 746d11721c4dcdbdad8f713fa42b33f4 -> 
  custom:video-decoder-webm-vp8: 9c59270c3fd7afecdb556c50c9e8de78 -> 
  custom:audio-decoder-ogg-vorbis: bf7c407c2cedff20999df2af8eb42d56 -> 
  custom:audio-encoder-webm-vorbis: bf7c407c2cedff20999df2af8eb42d56 -> 
========================================================================
Received Import Request.
  Time since last request: 64.747773 seconds.
  path: Assets/Animations/Pike/Pike_Idle.controller
  artifactKey: Guid(d1c50320c2cb1d04c8443aaff589efb9) Importer(815301076,1909f56bfc062723c751e8b465ee728b)
Start importing Assets/Animations/Pike/Pike_Idle.controller using Guid(d1c50320c2cb1d04c8443aaff589efb9) Importer(815301076,1909f56bfc062723c751e8b465ee728b)  -> (artifact id: 'ae8fa7051b2d0002096510fee58ff0a7') in 0.021365 seconds 
  Import took 0.035786 seconds .

========================================================================
Received Import Request.
  Time since last request: 7.450391 seconds.
  path: Assets/Animations/Pike/Pike.controller
  artifactKey: Guid(d1c50320c2cb1d04c8443aaff589efb9) Importer(815301076,1909f56bfc062723c751e8b465ee728b)
Start importing Assets/Animations/Pike/Pike.controller using Guid(d1c50320c2cb1d04c8443aaff589efb9) Importer(815301076,1909f56bfc062723c751e8b465ee728b)  -> (artifact id: 'ae8db6af662671cfad74309f9b97f974') in 0.003188 seconds 
  Import took 0.006615 seconds .

========================================================================
Received Import Request.
  Time since last request: 15.004535 seconds.
  path: Assets/Sprites/Pike/Attack2.png
  artifactKey: Guid(1190d626ed0652b48b1384d407a98eea) Importer(815301076,1909f56bfc062723c751e8b465ee728b)
Start importing Assets/Sprites/Pike/Attack2.png using Guid(1190d626ed0652b48b1384d407a98eea) Importer(815301076,1909f56bfc062723c751e8b465ee728b)  -> (artifact id: 'b5cf09ebc01ddeb63c240c4b068ed58e') in 0.061727 seconds 
  Import took 0.070694 seconds .

========================================================================
Received Import Request.
  Time since last request: 37.462258 seconds.
  path: Assets/Sprites/Pike/Attack3.png
  artifactKey: Guid(dda9cced0ad40ed46b9053f3930181f5) Importer(815301076,1909f56bfc062723c751e8b465ee728b)
Start importing Assets/Sprites/Pike/Attack3.png using Guid(dda9cced0ad40ed46b9053f3930181f5) Importer(815301076,1909f56bfc062723c751e8b465ee728b)  -> (artifact id: '129920b602967c64171ba5560fcab220') in 0.036486 seconds 
  Import took 0.050064 seconds .

========================================================================
Received Import Request.
  Time since last request: 53.888562 seconds.
  path: Assets/Sprites/Pike/Death.png
  artifactKey: Guid(1f11bfe40377f0543a145c1fb0efaaff) Importer(815301076,1909f56bfc062723c751e8b465ee728b)
Start importing Assets/Sprites/Pike/Death.png using Guid(1f11bfe40377f0543a145c1fb0efaaff) Importer(815301076,1909f56bfc062723c751e8b465ee728b)  -> (artifact id: '0f55f9ba87ffd2e6f99929891dfb4ec2') in 0.036724 seconds 
  Import took 0.050089 seconds .

========================================================================
Received Import Request.
  Time since last request: 43.965445 seconds.
  path: Assets/Sprites/Pike/Jump.png
  artifactKey: Guid(2e2f9c36cc3f35841896b93dc679145f) Importer(815301076,1909f56bfc062723c751e8b465ee728b)
Start importing Assets/Sprites/Pike/Jump.png using Guid(2e2f9c36cc3f35841896b93dc679145f) Importer(815301076,1909f56bfc062723c751e8b465ee728b)  -> (artifact id: '9ba6d6db2e8825868933e90dc1973a1a') in 0.021761 seconds 
  Import took 0.033648 seconds .

========================================================================
Received Import Request.
  Time since last request: 38.718884 seconds.
  path: Assets/Sprites/Pike/Fall.png
  artifactKey: Guid(8ee5deea28178db449e28f425833363d) Importer(815301076,1909f56bfc062723c751e8b465ee728b)
Start importing Assets/Sprites/Pike/Fall.png using Guid(8ee5deea28178db449e28f425833363d) Importer(815301076,1909f56bfc062723c751e8b465ee728b)  -> (artifact id: 'ef97f31b0847786de26ec8226655f47a') in 0.023187 seconds 
  Import took 0.026701 seconds .

========================================================================
Received Import Request.
  Time since last request: 41.617674 seconds.
  path: Assets/Sprites/Pike/Take hit.png
  artifactKey: Guid(61e36ff27e5439e45b4cd0d3fa34e3bc) Importer(815301076,1909f56bfc062723c751e8b465ee728b)
Start importing Assets/Sprites/Pike/Take hit.png using Guid(61e36ff27e5439e45b4cd0d3fa34e3bc) Importer(815301076,1909f56bfc062723c751e8b465ee728b)  -> (artifact id: '1780478b383553bbf2b7aa6425ba681a') in 0.030512 seconds 
  Import took 0.035034 seconds .

========================================================================
Received Import Request.
  Time since last request: 66.066711 seconds.
  path: Assets/Prefabs
  artifactKey: Guid(3d6ac7c873fe2bf46a89faab87a770d9) Importer(815301076,1909f56bfc062723c751e8b465ee728b)
Start importing Assets/Prefabs using Guid(3d6ac7c873fe2bf46a89faab87a770d9) Importer(815301076,1909f56bfc062723c751e8b465ee728b)  -> (artifact id: '915953f49dc46a37def974408bf5d9ee') in 0.001953 seconds 
  Import took 0.011787 seconds .

========================================================================
Received Prepare
Registering precompiled user dll's ...
Registered in 0.003110 seconds.
Begin MonoManager ReloadAssembly
Native extension for WindowsStandalone target not found
Refreshing native plugins compatible for Editor in 0.54 ms, found 3 plugins.
Preloading 0 native plugins for Editor in 0.00 ms.
Mono: successfully reloaded assembly
- Completed reload, in  0.860 seconds
Domain Reload Profiling:
	ReloadAssembly (860ms)
		BeginReloadAssembly (99ms)
			ExecutionOrderSort (0ms)
			DisableScriptedObjects (5ms)
			BackupInstance (0ms)
			ReleaseScriptingObjects (0ms)
			CreateAndSetChildDomain (31ms)
		EndReloadAssembly (700ms)
			LoadAssemblies (73ms)
			RebuildTransferFunctionScriptingTraits (0ms)
			SetupTypeCache (250ms)
			ReleaseScriptCaches (1ms)
			RebuildScriptCaches (42ms)
			SetupLoadedEditorAssemblies (249ms)
				LogAssemblyErrors (0ms)
				InitializePlatformSupportModulesInManaged (4ms)
				SetLoadedEditorAssemblies (0ms)
				RefreshPlugins (1ms)
				BeforeProcessingInitializeOnLoad (77ms)
				ProcessInitializeOnLoadAttributes (156ms)
				ProcessInitializeOnLoadMethodAttributes (10ms)
				AfterProcessingInitializeOnLoad (2ms)
				EditorAssembliesLoaded (0ms)
			ExecutionOrderSort2 (0ms)
			AwakeInstancesAfterBackupRestoration (8ms)
Platform modules already initialized, skipping
Refreshing native plugins compatible for Editor in 0.86 ms, found 3 plugins.
Preloading 0 native plugins for Editor in 0.00 ms.
Unloading 2171 Unused Serialized files (Serialized files now loaded: 0)
System memory in use before: 100.6 MB.
System memory in use after: 100.7 MB.

Unloading 17 unused Assets to reduce memory usage. Loaded Objects now: 2714.
Total: 3.110400 ms (FindLiveObjects: 0.237100 ms CreateObjectMapping: 0.053200 ms MarkObjects: 2.798200 ms  DeleteObjects: 0.020600 ms)

AssetImportParameters requested are different than current active one (requested -> active):
  custom:framework-win-MediaFoundation: 216162199b28c13a410421893ffa2e32 -> 
  custom:video-decoder-ogg-theora: a1e56fd34408186e4bbccfd4996cb3dc -> 
  custom:container-muxer-webm: aa71ff27fc2769a1b78a27578f13a17b -> 
  custom:container-demuxer-webm: 4f35f7cbe854078d1ac9338744f61a02 -> 
  custom:container-demuxer-ogg: 62fdf1f143b41e24485cea50d1cbac27 -> 
  custom:video-encoder-webm-vp8: eb34c28f22e8b96e1ab97ce403110664 -> 
  custom:video-codec-MediaFoundation-h265: 746d11721c4dcdbdad8f713fa42b33f4 -> 
  custom:video-decoder-webm-vp8: 9c59270c3fd7afecdb556c50c9e8de78 -> 
  custom:audio-decoder-ogg-vorbis: bf7c407c2cedff20999df2af8eb42d56 -> 
  custom:audio-encoder-webm-vorbis: bf7c407c2cedff20999df2af8eb42d56 -> 
========================================================================
Received Import Request.
  Time since last request: 114.994423 seconds.
  path: Assets/Prefabs/Pike.prefab
  artifactKey: Guid(02c4776d2d6904642990929062273bf5) Importer(815301076,1909f56bfc062723c751e8b465ee728b)
Start importing Assets/Prefabs/Pike.prefab using Guid(02c4776d2d6904642990929062273bf5) Importer(815301076,1909f56bfc062723c751e8b465ee728b)  -> (artifact id: 'fd5ddf0213982dfe6d41273bc957cd8f') in 0.054300 seconds 
  Import took 0.072415 seconds .

========================================================================
Received Import Request.
  Time since last request: 337.232537 seconds.
  path: Assets/Sprites/Enchanter
  artifactKey: Guid(2a6cb02178051534d952c7cf96fc9184) Importer(815301076,1909f56bfc062723c751e8b465ee728b)
Start importing Assets/Sprites/Enchanter using Guid(2a6cb02178051534d952c7cf96fc9184) Importer(815301076,1909f56bfc062723c751e8b465ee728b)  -> (artifact id: 'c61060e9569918bd1844421bd32c1ff0') in 0.004024 seconds 
  Import took 0.027602 seconds .

========================================================================
Received Import Request.
  Time since last request: 8.131620 seconds.
  path: Assets/Sprites/Enchanter/Attack1.png
  artifactKey: Guid(4a4cbfe75599ef04c9f68af47f1d3971) Importer(815301076,1909f56bfc062723c751e8b465ee728b)
Start importing Assets/Sprites/Enchanter/Attack1.png using Guid(4a4cbfe75599ef04c9f68af47f1d3971) Importer(815301076,1909f56bfc062723c751e8b465ee728b)  -> (artifact id: '126842951d292ee8cf173d40473db200') in 0.031043 seconds 
  Import took 0.035083 seconds .

========================================================================
Received Import Request.
  Time since last request: 0.000155 seconds.
  path: Assets/Sprites/Enchanter/Take hit.png
  artifactKey: Guid(780d30fe2a64493449021be3462288f2) Importer(815301076,1909f56bfc062723c751e8b465ee728b)
Start importing Assets/Sprites/Enchanter/Take hit.png using Guid(780d30fe2a64493449021be3462288f2) Importer(815301076,1909f56bfc062723c751e8b465ee728b)  -> (artifact id: '80071ff2fd6ad2f796baf2c8781a9888') in 0.015814 seconds 
  Import took 0.034924 seconds .

========================================================================
Received Import Request.
  Time since last request: 0.000236 seconds.
  path: Assets/Sprites/Enchanter/Run.png
  artifactKey: Guid(a8386335b4f93184f93fc6f25ea3a087) Importer(815301076,1909f56bfc062723c751e8b465ee728b)
Start importing Assets/Sprites/Enchanter/Run.png using Guid(a8386335b4f93184f93fc6f25ea3a087) Importer(815301076,1909f56bfc062723c751e8b465ee728b)  -> (artifact id: '7df43635096438093c77edfb0a01c45d') in 0.012947 seconds 
  Import took 0.031552 seconds .

========================================================================
Received Import Request.
  Time since last request: 0.000208 seconds.
  path: Assets/Sprites/Enchanter/Death.png
  artifactKey: Guid(a29040cf4d1b42344bafc95c2490ce7b) Importer(815301076,1909f56bfc062723c751e8b465ee728b)
Start importing Assets/Sprites/Enchanter/Death.png using Guid(a29040cf4d1b42344bafc95c2490ce7b) Importer(815301076,1909f56bfc062723c751e8b465ee728b)  -> (artifact id: 'd51ecede88b293c5199d7e5bf61b441e') in 0.011186 seconds 
  Import took 0.015399 seconds .

========================================================================
Received Import Request.
  Time since last request: 0.000195 seconds.
  path: Assets/Sprites/Enchanter/Attack2.png
  artifactKey: Guid(43277f291b735784396549d73c12e4d7) Importer(815301076,1909f56bfc062723c751e8b465ee728b)
Start importing Assets/Sprites/Enchanter/Attack2.png using Guid(43277f291b735784396549d73c12e4d7) Importer(815301076,1909f56bfc062723c751e8b465ee728b)  -> (artifact id: '5318a7d3e21565d461e675afd9231d23') in 0.009447 seconds 
  Import took 0.031901 seconds .

========================================================================
Received Import Request.
  Time since last request: 0.000208 seconds.
  path: Assets/Sprites/Enchanter/Fall.png
  artifactKey: Guid(1ba9ef4f4672de64a908c6f00441023f) Importer(815301076,1909f56bfc062723c751e8b465ee728b)
Start importing Assets/Sprites/Enchanter/Fall.png using Guid(1ba9ef4f4672de64a908c6f00441023f) Importer(815301076,1909f56bfc062723c751e8b465ee728b)  -> (artifact id: '134892e2fcc84d7c137acc4b1b89641f') in 0.013819 seconds 
  Import took 0.017239 seconds .

========================================================================
Received Import Request.
  Time since last request: 0.000176 seconds.
  path: Assets/Sprites/Enchanter/Jump.png
  artifactKey: Guid(dded5b8d80019e249936c3324dcc6647) Importer(815301076,1909f56bfc062723c751e8b465ee728b)
Start importing Assets/Sprites/Enchanter/Jump.png using Guid(dded5b8d80019e249936c3324dcc6647) Importer(815301076,1909f56bfc062723c751e8b465ee728b)  -> (artifact id: 'b0e751f4c23f16c52f9ec284aaa3773c') in 0.014107 seconds 
  Import took 0.018100 seconds .

========================================================================
Received Import Request.
  Time since last request: 0.000164 seconds.
  path: Assets/Sprites/Enchanter/Idle.png
  artifactKey: Guid(6abf834e66685c84eb8d6c7ef1fefbd7) Importer(815301076,1909f56bfc062723c751e8b465ee728b)
Start importing Assets/Sprites/Enchanter/Idle.png using Guid(6abf834e66685c84eb8d6c7ef1fefbd7) Importer(815301076,1909f56bfc062723c751e8b465ee728b)  -> (artifact id: '5ccf2338413a59246c11a82a33b675da') in 0.009089 seconds 
  Import took 0.012712 seconds .

========================================================================
Received Import Request.
  Time since last request: 10.572161 seconds.
  path: Assets/Sprites/Enchanter/Idle.png
  artifactKey: Guid(6abf834e66685c84eb8d6c7ef1fefbd7) Importer(815301076,1909f56bfc062723c751e8b465ee728b)
Start importing Assets/Sprites/Enchanter/Idle.png using Guid(6abf834e66685c84eb8d6c7ef1fefbd7) Importer(815301076,1909f56bfc062723c751e8b465ee728b)  -> (artifact id: '3bd4f4c1bea7f938119ebd070a1f0e85') in 0.009363 seconds 
  Import took 0.013312 seconds .

========================================================================
Received Import Request.
  Time since last request: 11.291319 seconds.
  path: Assets/Sprites/Enchanter/Idle.png
  artifactKey: Guid(6abf834e66685c84eb8d6c7ef1fefbd7) Importer(815301076,1909f56bfc062723c751e8b465ee728b)
Start importing Assets/Sprites/Enchanter/Idle.png using Guid(6abf834e66685c84eb8d6c7ef1fefbd7) Importer(815301076,1909f56bfc062723c751e8b465ee728b)  -> (artifact id: '6cf41860d2441aae349572b610e28814') in 0.082421 seconds 
  Import took 0.095952 seconds .

========================================================================
Received Import Request.
  Time since last request: 50.260306 seconds.
  path: Assets/Sprites/Enchanter/Idle.png
  artifactKey: Guid(6abf834e66685c84eb8d6c7ef1fefbd7) Importer(815301076,1909f56bfc062723c751e8b465ee728b)
Start importing Assets/Sprites/Enchanter/Idle.png using Guid(6abf834e66685c84eb8d6c7ef1fefbd7) Importer(815301076,1909f56bfc062723c751e8b465ee728b)  -> (artifact id: 'e3189c8d3d130e76374f4a10614fa496') in 0.101626 seconds 
  Import took 0.116475 seconds .

========================================================================
Received Import Request.
  Time since last request: 23.520570 seconds.
  path: Assets/Sprites/Enchanter/Idle.png
  artifactKey: Guid(6abf834e66685c84eb8d6c7ef1fefbd7) Importer(815301076,1909f56bfc062723c751e8b465ee728b)
Start importing Assets/Sprites/Enchanter/Idle.png using Guid(6abf834e66685c84eb8d6c7ef1fefbd7) Importer(815301076,1909f56bfc062723c751e8b465ee728b)  -> (artifact id: '68ab573791e460128c71e179b83acfd9') in 0.014515 seconds 
  Import took 0.023774 seconds .

========================================================================
Received Import Request.
  Time since last request: 274.339886 seconds.
  path: Assets/Sprites/Enchanter/Idle.png
  artifactKey: Guid(6abf834e66685c84eb8d6c7ef1fefbd7) Importer(815301076,1909f56bfc062723c751e8b465ee728b)
Start importing Assets/Sprites/Enchanter/Idle.png using Guid(6abf834e66685c84eb8d6c7ef1fefbd7) Importer(815301076,1909f56bfc062723c751e8b465ee728b)  -> (artifact id: '6e978319085a080b3e80dcb627e39ba0') in 0.035124 seconds 
  Import took 0.039233 seconds .

========================================================================
Received Import Request.
  Time since last request: 62.722368 seconds.
  path: Assets/Sprites/Enchanter/Idle.png
  artifactKey: Guid(6abf834e66685c84eb8d6c7ef1fefbd7) Importer(815301076,1909f56bfc062723c751e8b465ee728b)
Start importing Assets/Sprites/Enchanter/Idle.png using Guid(6abf834e66685c84eb8d6c7ef1fefbd7) Importer(815301076,1909f56bfc062723c751e8b465ee728b)  -> (artifact id: '5f8004ce908f09d3936a344dcbe98dcb') in 0.055110 seconds 
  Import took 0.074960 seconds .

========================================================================
Received Import Request.
  Time since last request: 32.394076 seconds.
  path: Assets/Animations/Enchanter
  artifactKey: Guid(371d10a5de57dd24e97784b96551bccd) Importer(815301076,1909f56bfc062723c751e8b465ee728b)
Start importing Assets/Animations/Enchanter using Guid(371d10a5de57dd24e97784b96551bccd) Importer(815301076,1909f56bfc062723c751e8b465ee728b)  -> (artifact id: 'e410e3b9bd8d22e37585544c5073e113') in 0.001973 seconds 
  Import took 0.018766 seconds .

========================================================================
Received Import Request.
  Time since last request: 0.892949 seconds.
  path: Assets/Animations/Enchanter/Idle_2.controller
  artifactKey: Guid(449fe20df9612ab41b3158234372ad71) Importer(815301076,1909f56bfc062723c751e8b465ee728b)
Start importing Assets/Animations/Enchanter/Idle_2.controller using Guid(449fe20df9612ab41b3158234372ad71) Importer(815301076,1909f56bfc062723c751e8b465ee728b)  -> (artifact id: '79b5eb2160bced9f71e57c0ce77a9ca5') in 0.002514 seconds 
  Import took 0.013820 seconds .

========================================================================
Received Import Request.
  Time since last request: 3.621110 seconds.
  path: Assets/Animations/Enchanter/Enchanter.controller
  artifactKey: Guid(449fe20df9612ab41b3158234372ad71) Importer(815301076,1909f56bfc062723c751e8b465ee728b)
Start importing Assets/Animations/Enchanter/Enchanter.controller using Guid(449fe20df9612ab41b3158234372ad71) Importer(815301076,1909f56bfc062723c751e8b465ee728b)  -> (artifact id: 'e4e6ba2a1322b1ca7967b17659b49d77') in 0.002678 seconds 
  Import took 0.006607 seconds .

========================================================================
Received Import Request.
  Time since last request: 17.352550 seconds.
  path: Assets/Sprites/Enchanter/Attack1.png
  artifactKey: Guid(4a4cbfe75599ef04c9f68af47f1d3971) Importer(815301076,1909f56bfc062723c751e8b465ee728b)
Start importing Assets/Sprites/Enchanter/Attack1.png using Guid(4a4cbfe75599ef04c9f68af47f1d3971) Importer(815301076,1909f56bfc062723c751e8b465ee728b)  -> (artifact id: '07105501f3bc8c798b6099ea0186b8a7') in 0.008521 seconds 
  Import took 0.024036 seconds .

========================================================================
Received Import Request.
  Time since last request: 0.000163 seconds.
  path: Assets/Sprites/Enchanter/Take hit.png
  artifactKey: Guid(780d30fe2a64493449021be3462288f2) Importer(815301076,1909f56bfc062723c751e8b465ee728b)
Start importing Assets/Sprites/Enchanter/Take hit.png using Guid(780d30fe2a64493449021be3462288f2) Importer(815301076,1909f56bfc062723c751e8b465ee728b)  -> (artifact id: '995373df65ef80bdef1697d80465cfd5') in 0.015686 seconds 
  Import took 0.018651 seconds .

========================================================================
Received Import Request.
  Time since last request: 0.000157 seconds.
  path: Assets/Sprites/Enchanter/Run.png
  artifactKey: Guid(a8386335b4f93184f93fc6f25ea3a087) Importer(815301076,1909f56bfc062723c751e8b465ee728b)
Start importing Assets/Sprites/Enchanter/Run.png using Guid(a8386335b4f93184f93fc6f25ea3a087) Importer(815301076,1909f56bfc062723c751e8b465ee728b)  -> (artifact id: '2b6de59e6250c9fb998229c01ac51e8c') in 0.007343 seconds 
  Import took 0.010181 seconds .

========================================================================
Received Import Request.
  Time since last request: 0.000273 seconds.
  path: Assets/Sprites/Enchanter/Death.png
  artifactKey: Guid(a29040cf4d1b42344bafc95c2490ce7b) Importer(815301076,1909f56bfc062723c751e8b465ee728b)
Start importing Assets/Sprites/Enchanter/Death.png using Guid(a29040cf4d1b42344bafc95c2490ce7b) Importer(815301076,1909f56bfc062723c751e8b465ee728b)  -> (artifact id: '932f950a164476c3bfc0a92442fbc8c1') in 0.007902 seconds 
  Import took 0.020670 seconds .

========================================================================
Received Import Request.
  Time since last request: 0.000207 seconds.
  path: Assets/Sprites/Enchanter/Attack2.png
  artifactKey: Guid(43277f291b735784396549d73c12e4d7) Importer(815301076,1909f56bfc062723c751e8b465ee728b)
Start importing Assets/Sprites/Enchanter/Attack2.png using Guid(43277f291b735784396549d73c12e4d7) Importer(815301076,1909f56bfc062723c751e8b465ee728b)  -> (artifact id: '71d5f55782bfa7505dbf033909bd8a78') in 0.013738 seconds 
  Import took 0.023694 seconds .

========================================================================
Received Import Request.
  Time since last request: 0.000209 seconds.
  path: Assets/Sprites/Enchanter/Fall.png
  artifactKey: Guid(1ba9ef4f4672de64a908c6f00441023f) Importer(815301076,1909f56bfc062723c751e8b465ee728b)
Start importing Assets/Sprites/Enchanter/Fall.png using Guid(1ba9ef4f4672de64a908c6f00441023f) Importer(815301076,1909f56bfc062723c751e8b465ee728b)  -> (artifact id: '0e29a921c7d1253252bef4f48ddafeb5') in 0.008103 seconds 
  Import took 0.011054 seconds .

========================================================================
Received Import Request.
  Time since last request: 0.000175 seconds.
  path: Assets/Sprites/Enchanter/Jump.png
  artifactKey: Guid(dded5b8d80019e249936c3324dcc6647) Importer(815301076,1909f56bfc062723c751e8b465ee728b)
Start importing Assets/Sprites/Enchanter/Jump.png using Guid(dded5b8d80019e249936c3324dcc6647) Importer(815301076,1909f56bfc062723c751e8b465ee728b)  -> (artifact id: '6f8809ed4a98c196f4388dfc2880d0ca') in 0.008123 seconds 
  Import took 0.011617 seconds .

========================================================================
Received Import Request.
  Time since last request: 283.348566 seconds.
  path: Assets/Sprites/Enchanter/Run.png
  artifactKey: Guid(a8386335b4f93184f93fc6f25ea3a087) Importer(815301076,1909f56bfc062723c751e8b465ee728b)
Start importing Assets/Sprites/Enchanter/Run.png using Guid(a8386335b4f93184f93fc6f25ea3a087) Importer(815301076,1909f56bfc062723c751e8b465ee728b)  -> (artifact id: '9e856781e044ad7ee63fb260305846d8') in 0.031090 seconds 
  Import took 0.042645 seconds .

========================================================================
Received Import Request.
  Time since last request: 36.883185 seconds.
  path: Assets/Prefabs/Enchanter.prefab
  artifactKey: Guid(96f1a16934058b94885e0804c371c835) Importer(815301076,1909f56bfc062723c751e8b465ee728b)
Start importing Assets/Prefabs/Enchanter.prefab using Guid(96f1a16934058b94885e0804c371c835) Importer(815301076,1909f56bfc062723c751e8b465ee728b)  -> (artifact id: '5d729f14c150d1d08c41f6900e964312') in 0.011349 seconds 
  Import took 0.015065 seconds .

AssetImportWorkerClient::OnTransportError - code=2 error=End of file
